Using pre-set license
Built from '2022.3/staging' branch; Version is '2022.3.29f1 (8d510ca76d2b) revision 9261324'; Using compiler version '192829333'; Build Type 'Release'
OS: 'Windows 11  (10.0.22631) 64bit Enterprise' Language: 'en' Physical Memory: 32486 MB
BatchMode: 1, IsHumanControllingUs: 0, StartBugReporterOnCrash: 0, Is64bit: 1, IsPro: 1

COMMAND LINE ARGUMENTS:
C:\Program Files\Unity\Hub\Editor\2022.3.29f1\Editor\Unity.exe
-adb2
-batchMode
-noUpm
-name
AssetImportWorker2
-projectPath
C:/Users/AimeeMarler/Downloads/Unity Projects/unity/My project
-logFile
Logs/AssetImportWorker2.log
-srvPort
53125
Successfully changed project path to: C:/Users/AimeeMarler/Downloads/Unity Projects/unity/My project
C:/Users/AimeeMarler/Downloads/Unity Projects/unity/My project
[UnityMemory] Configuration Parameters - Can be set up in boot.config
    "memorysetup-bucket-allocator-granularity=16"
    "memorysetup-bucket-allocator-bucket-count=8"
    "memorysetup-bucket-allocator-block-size=33554432"
    "memorysetup-bucket-allocator-block-count=8"
    "memorysetup-main-allocator-block-size=16777216"
    "memorysetup-thread-allocator-block-size=16777216"
    "memorysetup-gfx-main-allocator-block-size=16777216"
    "memorysetup-gfx-thread-allocator-block-size=16777216"
    "memorysetup-cache-allocator-block-size=4194304"
    "memorysetup-typetree-allocator-block-size=2097152"
    "memorysetup-profiler-bucket-allocator-granularity=16"
    "memorysetup-profiler-bucket-allocator-bucket-count=8"
    "memorysetup-profiler-bucket-allocator-block-size=33554432"
    "memorysetup-profiler-bucket-allocator-block-count=8"
    "memorysetup-profiler-allocator-block-size=16777216"
    "memorysetup-profiler-editor-allocator-block-size=1048576"
    "memorysetup-temp-allocator-size-main=16777216"
    "memorysetup-job-temp-allocator-block-size=2097152"
    "memorysetup-job-temp-allocator-block-size-background=1048576"
    "memorysetup-job-temp-allocator-reduction-small-platforms=262144"
    "memorysetup-allocator-temp-initial-block-size-main=262144"
    "memorysetup-allocator-temp-initial-block-size-worker=262144"
    "memorysetup-temp-allocator-size-background-worker=32768"
    "memorysetup-temp-allocator-size-job-worker=262144"
    "memorysetup-temp-allocator-size-preload-manager=33554432"
    "memorysetup-temp-allocator-size-nav-mesh-worker=65536"
    "memorysetup-temp-allocator-size-audio-worker=65536"
    "memorysetup-temp-allocator-size-cloud-worker=32768"
    "memorysetup-temp-allocator-size-gi-baking-worker=262144"
    "memorysetup-temp-allocator-size-gfx=262144"
Player connection [28392] Host "[IP] 10.5.5.22 [Port] 0 [Flags] 2 [Guid] 3252403467 [EditorId] 3252403467 [Version] 1048832 [Id] WindowsEditor(7,SD-CK9G2Z3) [Debug] 1 [PackageName] WindowsEditor [ProjectName] Editor" joined multi-casting on [225.0.0.222:54997]...

Player connection [28392] Host "[IP] 10.5.5.22 [Port] 0 [Flags] 2 [Guid] 3252403467 [EditorId] 3252403467 [Version] 1048832 [Id] WindowsEditor(7,SD-CK9G2Z3) [Debug] 1 [PackageName] WindowsEditor [ProjectName] Editor" joined alternative multi-casting on [225.0.0.222:34997]...

[Physics::Module] Initialized MultithreadedJobDispatcher with 23 workers.
Refreshing native plugins compatible for Editor in 6.20 ms, found 3 plugins.
Preloading 0 native plugins for Editor in 0.00 ms.
Initialize engine version: 2022.3.29f1 (8d510ca76d2b)
[Subsystems] Discovering subsystems at path C:/Program Files/Unity/Hub/Editor/2022.3.29f1/Editor/Data/Resources/UnitySubsystems
[Subsystems] Discovering subsystems at path C:/Users/AimeeMarler/Downloads/Unity Projects/unity/My project/Assets
GfxDevice: creating device client; threaded=0; jobified=0
Direct3D:
    Version:  Direct3D 11.0 [level 11.1]
    Renderer: NVIDIA GeForce RTX 4060 Ti (ID=0x2803)
    Vendor:   NVIDIA
    VRAM:     7949 MB
    Driver:   32.0.15.5612
Initialize mono
Mono path[0] = 'C:/Program Files/Unity/Hub/Editor/2022.3.29f1/Editor/Data/Managed'
Mono path[1] = 'C:/Program Files/Unity/Hub/Editor/2022.3.29f1/Editor/Data/MonoBleedingEdge/lib/mono/unityjit-win32'
Mono config path = 'C:/Program Files/Unity/Hub/Editor/2022.3.29f1/Editor/Data/MonoBleedingEdge/etc'
Using monoOptions --debugger-agent=transport=dt_socket,embedding=1,server=y,suspend=n,address=127.0.0.1:56540
Begin MonoManager ReloadAssembly
Registering precompiled unity dll's ...
Register platform support module: C:/Program Files/Unity/Hub/Editor/2022.3.29f1/Editor/Data/PlaybackEngines/WindowsStandaloneSupport/UnityEditor.WindowsStandalone.Extensions.dll
Registered in 0.004507 seconds.
- Loaded All Assemblies, in  0.338 seconds
Native extension for WindowsStandalone target not found
Mono: successfully reloaded assembly
- Finished resetting the current domain, in  0.177 seconds
Domain Reload Profiling: 514ms
	BeginReloadAssembly (185ms)
		ExecutionOrderSort (0ms)
		DisableScriptedObjects (0ms)
		BackupInstance (0ms)
		ReleaseScriptingObjects (0ms)
		CreateAndSetChildDomain (0ms)
	RebuildCommonClasses (20ms)
	RebuildNativeTypeToScriptingClass (6ms)
	initialDomainReloadingComplete (37ms)
	LoadAllAssembliesAndSetupDomain (88ms)
		LoadAssemblies (184ms)
		RebuildTransferFunctionScriptingTraits (0ms)
		AnalyzeDomain (87ms)
			TypeCache.Refresh (86ms)
				TypeCache.ScanAssembly (78ms)
			ScanForSourceGeneratedMonoScriptInfo (0ms)
			ResolveRequiredComponents (0ms)
	FinalizeReload (177ms)
		ReleaseScriptCaches (0ms)
		RebuildScriptCaches (0ms)
		SetupLoadedEditorAssemblies (142ms)
			LogAssemblyErrors (0ms)
			InitializePlatformSupportModulesInManaged (5ms)
			SetLoadedEditorAssemblies (5ms)
			RefreshPlugins (0ms)
			BeforeProcessingInitializeOnLoad (1ms)
			ProcessInitializeOnLoadAttributes (101ms)
			ProcessInitializeOnLoadMethodAttributes (29ms)
			AfterProcessingInitializeOnLoad (0ms)
			EditorAssembliesLoaded (0ms)
		ExecutionOrderSort2 (0ms)
		AwakeInstancesAfterBackupRestoration (0ms)
========================================================================
Worker process is ready to serve import requests
Begin MonoManager ReloadAssembly
- Loaded All Assemblies, in  0.379 seconds
Refreshing native plugins compatible for Editor in 2.11 ms, found 3 plugins.
Native extension for WindowsStandalone target not found
Package Manager log level set to [2]
[Package Manager] Server::EnsureServerProcessIsRunning -- launch failed, reason: Unity was launched with the -noUpm command-line argument
[Package Manager] UpmClient::Send -- Unable to send message (not connected to UPM process).
[Package Manager] Cannot connect to Unity Package Manager local server
Mono: successfully reloaded assembly
- Finished resetting the current domain, in  0.392 seconds
Domain Reload Profiling: 769ms
	BeginReloadAssembly (92ms)
		ExecutionOrderSort (0ms)
		DisableScriptedObjects (3ms)
		BackupInstance (0ms)
		ReleaseScriptingObjects (0ms)
		CreateAndSetChildDomain (12ms)
	RebuildCommonClasses (20ms)
	RebuildNativeTypeToScriptingClass (6ms)
	initialDomainReloadingComplete (27ms)
	LoadAllAssembliesAndSetupDomain (230ms)
		LoadAssemblies (180ms)
		RebuildTransferFunctionScriptingTraits (0ms)
		AnalyzeDomain (107ms)
			TypeCache.Refresh (92ms)
				TypeCache.ScanAssembly (83ms)
			ScanForSourceGeneratedMonoScriptInfo (11ms)
			ResolveRequiredComponents (3ms)
	FinalizeReload (393ms)
		ReleaseScriptCaches (0ms)
		RebuildScriptCaches (0ms)
		SetupLoadedEditorAssemblies (297ms)
			LogAssemblyErrors (0ms)
			InitializePlatformSupportModulesInManaged (4ms)
			SetLoadedEditorAssemblies (3ms)
			RefreshPlugins (0ms)
			BeforeProcessingInitializeOnLoad (39ms)
			ProcessInitializeOnLoadAttributes (231ms)
			ProcessInitializeOnLoadMethodAttributes (17ms)
			AfterProcessingInitializeOnLoad (4ms)
			EditorAssembliesLoaded (0ms)
		ExecutionOrderSort2 (0ms)
		AwakeInstancesAfterBackupRestoration (6ms)
Launched and connected shader compiler UnityShaderCompiler.exe after 0.05 seconds
Refreshing native plugins compatible for Editor in 2.97 ms, found 3 plugins.
Preloading 0 native plugins for Editor in 0.00 ms.
Unloading 3094 Unused Serialized files (Serialized files now loaded: 0)
Unloading 33 unused Assets / (57.7 KB). Loaded Objects now: 3554.
Memory consumption went from 120.1 MB to 120.1 MB.
Total: 2.359000 ms (FindLiveObjects: 0.130900 ms CreateObjectMapping: 0.038100 ms MarkObjects: 2.069600 ms  DeleteObjects: 0.119500 ms)

AssetImportParameters requested are different than current active one (requested -> active):
  custom:container-demuxer-ogg: 62fdf1f143b41e24485cea50d1cbac27 -> 
  custom:video-codec-MediaFoundation-h265: 746d11721c4dcdbdad8f713fa42b33f4 -> 
  custom:video-decoder-ogg-theora: a1e56fd34408186e4bbccfd4996cb3dc -> 
  custom:framework-win-MediaFoundation: 216162199b28c13a410421893ffa2e32 -> 
  custom:CustomObjectIndexerAttribute: 9a22284fe3817be447336de3de66b15e -> 
  custom:container-demuxer-webm: 4f35f7cbe854078d1ac9338744f61a02 -> 
  custom:container-muxer-webm: aa71ff27fc2769a1b78a27578f13a17b -> 
  custom:video-decoder-webm-vp8: 9c59270c3fd7afecdb556c50c9e8de78 -> 
  custom:SearchIndexIgnoredProperties: e643bd26f0fe6173181afceb89e7c659 -> 
  custom:AudioImporter_EditorPlatform: d09bf68614088b80899f8185d706f6e7 -> 
  custom:video-encoder-webm-vp8: eb34c28f22e8b96e1ab97ce403110664 -> 
  custom:audio-decoder-ogg-vorbis: bf7c407c2cedff20999df2af8eb42d56 -> 
  custom:audio-encoder-webm-vorbis: bf7c407c2cedff20999df2af8eb42d56 -> 
========================================================================
Received Import Request.
  Time since last request: 7634.072082 seconds.
  path: Assets/Turn.fbx
  artifactKey: Guid(c6c04e34f3628f342b8613b18a2bc466) Importer(815301076,1909f56bfc062723c751e8b465ee728b)
Start importing Assets/Turn.fbx using Guid(c6c04e34f3628f342b8613b18a2bc466) Importer(815301076,1909f56bfc062723c751e8b465ee728b)  -> (artifact id: 'bccb55094dbe040082ddd22bf7139540') in 0.115007 seconds
Number of updated asset objects reloaded before import = 0
Number of asset objects unloaded after import = 9
========================================================================
Received Import Request.
  Time since last request: 0.000016 seconds.
  path: Assets/Car.fbx
  artifactKey: Guid(54c512ba067da9947b9389e1922c0c9f) Importer(815301076,1909f56bfc062723c751e8b465ee728b)
Start importing Assets/Car.fbx using Guid(54c512ba067da9947b9389e1922c0c9f) Importer(815301076,1909f56bfc062723c751e8b465ee728b)  -> (artifact id: '34e6657006e197a416d7645ccba9d9f4') in 0.012865 seconds
Number of updated asset objects reloaded before import = 0
Number of asset objects unloaded after import = 9
========================================================================
Received Import Request.
  Time since last request: 0.000044 seconds.
  path: Assets/Very_Tall_Apartment.fbx
  artifactKey: Guid(6057499d3754ada418c2fe668d9b9a08) Importer(815301076,1909f56bfc062723c751e8b465ee728b)
Start importing Assets/Very_Tall_Apartment.fbx using Guid(6057499d3754ada418c2fe668d9b9a08) Importer(815301076,1909f56bfc062723c751e8b465ee728b)  -> (artifact id: 'ce4a758bc2f5146de1bf8bb3dec29c4e') in 0.013377 seconds
Number of updated asset objects reloaded before import = 0
Number of asset objects unloaded after import = 9
========================================================================
Received Import Request.
  Time since last request: 0.000012 seconds.
  path: Assets/Street.fbx
  artifactKey: Guid(2d11e2b6b9d43f64bba1d2d605f0c5a5) Importer(815301076,1909f56bfc062723c751e8b465ee728b)
Start importing Assets/Street.fbx using Guid(2d11e2b6b9d43f64bba1d2d605f0c5a5) Importer(815301076,1909f56bfc062723c751e8b465ee728b)  -> (artifact id: 'fffbc0597f44c48e461e31267d7fd860') in 0.013674 seconds
Number of updated asset objects reloaded before import = 0
Number of asset objects unloaded after import = 9
========================================================================
Received Import Request.
  Time since last request: 0.000011 seconds.
  path: Assets/MasterMaterialTexture.png
  artifactKey: Guid(806bc4282457b0644922b692cd57cc8f) Importer(815301076,1909f56bfc062723c751e8b465ee728b)
Start importing Assets/MasterMaterialTexture.png using Guid(806bc4282457b0644922b692cd57cc8f) Importer(815301076,1909f56bfc062723c751e8b465ee728b)  -> (artifact id: 'bba1649da9db344103fca9542a394ea6') in 0.013858 seconds
Number of updated asset objects reloaded before import = 0
Number of asset objects unloaded after import = 2
========================================================================
Received Import Request.
  Time since last request: 0.000023 seconds.
  path: Assets/Apartment.fbx
  artifactKey: Guid(755dd964a195ea642ada0a54f961c51e) Importer(815301076,1909f56bfc062723c751e8b465ee728b)
Start importing Assets/Apartment.fbx using Guid(755dd964a195ea642ada0a54f961c51e) Importer(815301076,1909f56bfc062723c751e8b465ee728b)  -> (artifact id: 'ddcdaf161a8d7fe03b1b231053bc3707') in 0.012052 seconds
Number of updated asset objects reloaded before import = 0
Number of asset objects unloaded after import = 9
========================================================================
Received Import Request.
  Time since last request: 0.000039 seconds.
  path: Assets/Tire.fbx
  artifactKey: Guid(31cbc12a3d1ddf6429ce31227e4af454) Importer(815301076,1909f56bfc062723c751e8b465ee728b)
Start importing Assets/Tire.fbx using Guid(31cbc12a3d1ddf6429ce31227e4af454) Importer(815301076,1909f56bfc062723c751e8b465ee728b)  -> (artifact id: 'b4bcb0e4dbe621bef22549429dbb5958') in 0.008962 seconds
Number of updated asset objects reloaded before import = 0
Number of asset objects unloaded after import = 9
========================================================================
Received Import Request.
  Time since last request: 0.000048 seconds.
  path: Assets/Coffee_Shop.fbx
  artifactKey: Guid(b6a004a069846524b936f8763112efa8) Importer(815301076,1909f56bfc062723c751e8b465ee728b)
Start importing Assets/Coffee_Shop.fbx using Guid(b6a004a069846524b936f8763112efa8) Importer(815301076,1909f56bfc062723c751e8b465ee728b)  -> (artifact id: 'bf4323c9cb1826253dc40abf47e0a643') in 0.010757 seconds
Number of updated asset objects reloaded before import = 0
Number of asset objects unloaded after import = 9
========================================================================
Received Import Request.
  Time since last request: 0.000011 seconds.
  path: Assets/Tree.fbx
  artifactKey: Guid(e95a6250df7dc904f83ead22268dd8b2) Importer(815301076,1909f56bfc062723c751e8b465ee728b)
Start importing Assets/Tree.fbx using Guid(e95a6250df7dc904f83ead22268dd8b2) Importer(815301076,1909f56bfc062723c751e8b465ee728b)  -> (artifact id: '9215c84e665acc8454c7b3a952c1f87f') in 0.010566 seconds
Number of updated asset objects reloaded before import = 0
Number of asset objects unloaded after import = 9
========================================================================
Received Import Request.
  Time since last request: 0.000044 seconds.
  path: Assets/Lamp_Post.fbx
  artifactKey: Guid(41c9abedec45a45408e42d1574c31274) Importer(815301076,1909f56bfc062723c751e8b465ee728b)
Start importing Assets/Lamp_Post.fbx using Guid(41c9abedec45a45408e42d1574c31274) Importer(815301076,1909f56bfc062723c751e8b465ee728b)  -> (artifact id: 'e24b7f96c47ae55cb4da7f8b5cc6197d') in 0.009669 seconds
Number of updated asset objects reloaded before import = 0
Number of asset objects unloaded after import = 9
========================================================================
Received Import Request.
  Time since last request: 0.000011 seconds.
  path: Assets/Convenience_Store.fbx
  artifactKey: Guid(a596e5bcf1cee224181007a0b9e5f393) Importer(815301076,1909f56bfc062723c751e8b465ee728b)
Start importing Assets/Convenience_Store.fbx using Guid(a596e5bcf1cee224181007a0b9e5f393) Importer(815301076,1909f56bfc062723c751e8b465ee728b)  -> (artifact id: '826de85a4e61caa218fa351f9687ce00') in 0.009920 seconds
Number of updated asset objects reloaded before import = 0
Number of asset objects unloaded after import = 9
========================================================================
Received Import Request.
  Time since last request: 0.000016 seconds.
  path: Assets/Square_Base.fbx
  artifactKey: Guid(3efe466c383ccb442bfe04b5dd8651a2) Importer(815301076,1909f56bfc062723c751e8b465ee728b)
Start importing Assets/Square_Base.fbx using Guid(3efe466c383ccb442bfe04b5dd8651a2) Importer(815301076,1909f56bfc062723c751e8b465ee728b)  -> (artifact id: '1ebd8f48834c8a22f289a8bacf89cb56') in 0.012088 seconds
Number of updated asset objects reloaded before import = 0
Number of asset objects unloaded after import = 9
========================================================================
Received Import Request.
  Time since last request: 0.000014 seconds.
  path: Assets/Intersection.fbx
  artifactKey: Guid(91676b7d904f354439cee0b7181a090b) Importer(815301076,1909f56bfc062723c751e8b465ee728b)
Start importing Assets/Intersection.fbx using Guid(91676b7d904f354439cee0b7181a090b) Importer(815301076,1909f56bfc062723c751e8b465ee728b)  -> (artifact id: 'c14ddbf12115a005da6e1c0f7dd2de4d') in 0.011274 seconds
Number of updated asset objects reloaded before import = 0
Number of asset objects unloaded after import = 9
========================================================================
Received Import Request.
  Time since last request: 0.000028 seconds.
  path: Assets/T_Intersection.fbx
  artifactKey: Guid(24b15a8af34ba0a4ab728571d47ebd91) Importer(815301076,1909f56bfc062723c751e8b465ee728b)
Start importing Assets/T_Intersection.fbx using Guid(24b15a8af34ba0a4ab728571d47ebd91) Importer(815301076,1909f56bfc062723c751e8b465ee728b)  -> (artifact id: 'dc8d2eaba60fd1dcae17af3b38656c53') in 0.011843 seconds
Number of updated asset objects reloaded before import = 0
Number of asset objects unloaded after import = 9
========================================================================
Received Import Request.
  Time since last request: 0.000014 seconds.
  path: Assets/Tall_Apartment.fbx
  artifactKey: Guid(75ed61de0a253b74298124fd3798dab5) Importer(815301076,1909f56bfc062723c751e8b465ee728b)
Start importing Assets/Tall_Apartment.fbx using Guid(75ed61de0a253b74298124fd3798dab5) Importer(815301076,1909f56bfc062723c751e8b465ee728b)  -> (artifact id: '5f32c64333959e69a6cc148f6dc60fd6') in 0.011555 seconds
Number of updated asset objects reloaded before import = 0
Number of asset objects unloaded after import = 9
========================================================================
Received Import Request.
  Time since last request: 0.000011 seconds.
  path: Assets/Trash_Can.fbx
  artifactKey: Guid(b3f30649248b506448bf4915e7189e0a) Importer(815301076,1909f56bfc062723c751e8b465ee728b)
Start importing Assets/Trash_Can.fbx using Guid(b3f30649248b506448bf4915e7189e0a) Importer(815301076,1909f56bfc062723c751e8b465ee728b)  -> (artifact id: '770468c528947c39ce1f643102374f72') in 0.021514 seconds
Number of updated asset objects reloaded before import = 0
Number of asset objects unloaded after import = 16
========================================================================
Received Import Request.
  Time since last request: 0.000017 seconds.
  path: Assets/Store.fbx
  artifactKey: Guid(9da419d3623e0ee48814b8cdca9178da) Importer(815301076,1909f56bfc062723c751e8b465ee728b)
Start importing Assets/Store.fbx using Guid(9da419d3623e0ee48814b8cdca9178da) Importer(815301076,1909f56bfc062723c751e8b465ee728b)  -> (artifact id: '81a6ff469f39d8a632d51c93a2bbaff3') in 0.012322 seconds
Number of updated asset objects reloaded before import = 0
Number of asset objects unloaded after import = 9
========================================================================
Received Import Request.
  Time since last request: 87.196132 seconds.
  path: Assets/TownAssets/Car.fbx
  artifactKey: Guid(54c512ba067da9947b9389e1922c0c9f) Importer(815301076,1909f56bfc062723c751e8b465ee728b)
Start importing Assets/TownAssets/Car.fbx using Guid(54c512ba067da9947b9389e1922c0c9f) Importer(815301076,1909f56bfc062723c751e8b465ee728b)  -> (artifact id: 'a62893c4e034e78d668585c9c071a9fc') in 0.011876 seconds
Number of updated asset objects reloaded before import = 0
Number of asset objects unloaded after import = 9
========================================================================
Received Import Request.
  Time since last request: 0.000972 seconds.
  path: Assets/TownAssets/Coffee_Shop.fbx
  artifactKey: Guid(b6a004a069846524b936f8763112efa8) Importer(815301076,1909f56bfc062723c751e8b465ee728b)
Start importing Assets/TownAssets/Coffee_Shop.fbx using Guid(b6a004a069846524b936f8763112efa8) Importer(815301076,1909f56bfc062723c751e8b465ee728b)  -> (artifact id: 'bcdcfd337a8147756e68ec820a950daa') in 0.010014 seconds
Number of updated asset objects reloaded before import = 0
Number of asset objects unloaded after import = 9
========================================================================
Received Import Request.
  Time since last request: 0.001257 seconds.
  path: Assets/TownAssets/Street.fbx
  artifactKey: Guid(2d11e2b6b9d43f64bba1d2d605f0c5a5) Importer(815301076,1909f56bfc062723c751e8b465ee728b)
Start importing Assets/TownAssets/Street.fbx using Guid(2d11e2b6b9d43f64bba1d2d605f0c5a5) Importer(815301076,1909f56bfc062723c751e8b465ee728b)  -> (artifact id: 'eb78140b35f629cf01de249a07191b3f') in 0.010155 seconds
Number of updated asset objects reloaded before import = 0
Number of asset objects unloaded after import = 9
========================================================================
Received Import Request.
  Time since last request: 0.000029 seconds.
  path: Assets/TownAssets/Turn.fbx
  artifactKey: Guid(c6c04e34f3628f342b8613b18a2bc466) Importer(815301076,1909f56bfc062723c751e8b465ee728b)
Start importing Assets/TownAssets/Turn.fbx using Guid(c6c04e34f3628f342b8613b18a2bc466) Importer(815301076,1909f56bfc062723c751e8b465ee728b)  -> (artifact id: '636f75a544c1496621beb1aaf7c80967') in 0.009646 seconds
Number of updated asset objects reloaded before import = 0
Number of asset objects unloaded after import = 9
========================================================================
Received Import Request.
  Time since last request: 0.000011 seconds.
  path: Assets/TownAssets/Very_Tall_Apartment.fbx
  artifactKey: Guid(6057499d3754ada418c2fe668d9b9a08) Importer(815301076,1909f56bfc062723c751e8b465ee728b)
Start importing Assets/TownAssets/Very_Tall_Apartment.fbx using Guid(6057499d3754ada418c2fe668d9b9a08) Importer(815301076,1909f56bfc062723c751e8b465ee728b)  -> (artifact id: 'eae16e80d1b6cc8eaa7aa84093296ea2') in 0.009940 seconds
Number of updated asset objects reloaded before import = 0
Number of asset objects unloaded after import = 9
========================================================================
Received Import Request.
  Time since last request: 0.000010 seconds.
  path: Assets/TownAssets/Tire.fbx
  artifactKey: Guid(31cbc12a3d1ddf6429ce31227e4af454) Importer(815301076,1909f56bfc062723c751e8b465ee728b)
Start importing Assets/TownAssets/Tire.fbx using Guid(31cbc12a3d1ddf6429ce31227e4af454) Importer(815301076,1909f56bfc062723c751e8b465ee728b)  -> (artifact id: '6b8512b9b7706563187c0bcd5cb68b60') in 0.008260 seconds
Number of updated asset objects reloaded before import = 0
Number of asset objects unloaded after import = 9
========================================================================
Received Import Request.
  Time since last request: 0.000018 seconds.
  path: Assets/TownAssets/Tree.fbx
  artifactKey: Guid(e95a6250df7dc904f83ead22268dd8b2) Importer(815301076,1909f56bfc062723c751e8b465ee728b)
Start importing Assets/TownAssets/Tree.fbx using Guid(e95a6250df7dc904f83ead22268dd8b2) Importer(815301076,1909f56bfc062723c751e8b465ee728b)  -> (artifact id: 'c7fe94799081d9f9b9a9c87e77a69c52') in 0.010933 seconds
Number of updated asset objects reloaded before import = 0
Number of asset objects unloaded after import = 9
========================================================================
Received Import Request.
  Time since last request: 0.000013 seconds.
  path: Assets/TownAssets/Lamp_Post.fbx
  artifactKey: Guid(41c9abedec45a45408e42d1574c31274) Importer(815301076,1909f56bfc062723c751e8b465ee728b)
Start importing Assets/TownAssets/Lamp_Post.fbx using Guid(41c9abedec45a45408e42d1574c31274) Importer(815301076,1909f56bfc062723c751e8b465ee728b)  -> (artifact id: 'c327179b26108658c784a5c7eecd95c9') in 0.008799 seconds
Number of updated asset objects reloaded before import = 0
Number of asset objects unloaded after import = 9
========================================================================
Received Import Request.
  Time since last request: 0.000010 seconds.
  path: Assets/TownAssets/Convenience_Store.fbx
  artifactKey: Guid(a596e5bcf1cee224181007a0b9e5f393) Importer(815301076,1909f56bfc062723c751e8b465ee728b)
Start importing Assets/TownAssets/Convenience_Store.fbx using Guid(a596e5bcf1cee224181007a0b9e5f393) Importer(815301076,1909f56bfc062723c751e8b465ee728b)  -> (artifact id: '4c0a0e4997bd9678c657d407dee99683') in 0.007673 seconds
Number of updated asset objects reloaded before import = 0
Number of asset objects unloaded after import = 9
========================================================================
Received Import Request.
  Time since last request: 0.000012 seconds.
  path: Assets/TownAssets/Square_Base.fbx
  artifactKey: Guid(3efe466c383ccb442bfe04b5dd8651a2) Importer(815301076,1909f56bfc062723c751e8b465ee728b)
Start importing Assets/TownAssets/Square_Base.fbx using Guid(3efe466c383ccb442bfe04b5dd8651a2) Importer(815301076,1909f56bfc062723c751e8b465ee728b)  -> (artifact id: '8cafbb4348233a55578198a85a31a5be') in 0.007723 seconds
Number of updated asset objects reloaded before import = 0
Number of asset objects unloaded after import = 9
========================================================================
Received Import Request.
  Time since last request: 0.000036 seconds.
  path: Assets/TownAssets/T_Intersection.fbx
  artifactKey: Guid(24b15a8af34ba0a4ab728571d47ebd91) Importer(815301076,1909f56bfc062723c751e8b465ee728b)
Start importing Assets/TownAssets/T_Intersection.fbx using Guid(24b15a8af34ba0a4ab728571d47ebd91) Importer(815301076,1909f56bfc062723c751e8b465ee728b)  -> (artifact id: '25848f0dab38c18623ec3fbe04c4b22a') in 0.009034 seconds
Number of updated asset objects reloaded before import = 0
Number of asset objects unloaded after import = 9
========================================================================
Received Import Request.
  Time since last request: 0.000034 seconds.
  path: Assets/TownAssets/Trash_Can.fbx
  artifactKey: Guid(b3f30649248b506448bf4915e7189e0a) Importer(815301076,1909f56bfc062723c751e8b465ee728b)
Start importing Assets/TownAssets/Trash_Can.fbx using Guid(b3f30649248b506448bf4915e7189e0a) Importer(815301076,1909f56bfc062723c751e8b465ee728b)  -> (artifact id: 'b95e7599390e81e27f16621100f556d0') in 0.015941 seconds
Number of updated asset objects reloaded before import = 0
Number of asset objects unloaded after import = 16
Editor requested this worker to shutdown with reason: Scaling down because of idle timeout
TcpMessagingSession - receive error
AssetImportWorkerClient::OnTransportError - code=2 error=End of file
AssetImportWorker is now disconnected from the server
Process exiting
Exiting without the bug reporter. Application will terminate with return code 0